Build started 2/15/2011 3:42:27 PM.
     1>Project "F:\code\c++\Linked Lists\Linked Lists\Linked Lists.vcxproj" on node 2 (build target(s)).
     1>InitializeBuildStatus:
         Creating "Debug\Linked Lists.unsuccessfulbuild" because "AlwaysCreate" was specified.
       ClCompile:
         C:\Program Files\Microsoft Visual Studio 10.0\VC\bin\CL.exe /c /ZI /nologo /W3 /WX- /Od /Oy- /D _MBCS /Gm /EHsc /RTC1 /MDd /GS /fp:precise /Zc:wchar_t /Zc:forScope /Fo"Debug\\" /Fd"Debug\vc100.pdb" /Gd /TP /analyze- /errorReport:prompt main.cpp
         main.cpp
     1>f:\code\c++\linked lists\linked lists\main.cpp(6): warning C4067: unexpected tokens following preprocessor directive - expected a newline
     1>f:\code\c++\linked lists\linked lists\list.h(113): warning C4715: 'list<int>::get' : not all control paths return a value
     1>f:\code\c++\linked lists\linked lists\list.h(153): warning C4715: 'list<int>::pop' : not all control paths return a value
       Link:
         C:\Program Files\Microsoft Visual Studio 10.0\VC\bin\link.exe /ERRORREPORT:PROMPT /OUT:"F:\code\c++\Linked Lists\Debug\Linked Lists.exe" /NOLOGO kernel32.lib user32.lib gdi32.lib winspool.lib comdlg32.lib advapi32.lib shell32.lib ole32.lib oleaut32.lib uuid.lib odbc32.lib odbccp32.lib /MANIFEST /ManifestFile:"Debug\Linked Lists.exe.intermediate.manifest" /MANIFESTUAC:"level='asInvoker' uiAccess='false'" /DEBUG /PDB:"F:\code\c++\Linked Lists\Debug\Linked Lists.pdb" /TLBID:1 /DYNAMICBASE /NXCOMPAT /IMPLIB:"F:\code\c++\Linked Lists\Debug\Linked Lists.lib" /MACHINE:X86 Debug\main.obj
         LINK : F:\code\c++\Linked Lists\Debug\Linked Lists.exe not found or not built by the last incremental link; performing full link
         Linked Lists.vcxproj -> F:\code\c++\Linked Lists\Debug\Linked Lists.exe
       Manifest:
         C:\Program Files\Microsoft SDKs\Windows\v7.0A\bin\mt.exe /nologo /verbose /outputresource:"F:\code\c++\Linked Lists\Debug\Linked Lists.exe;#1" /manifest "Debug\Linked Lists.exe.intermediate.manifest"
       FinalizeBuildStatus:
         Deleting file "Debug\Linked Lists.unsuccessfulbuild".
         Touching "Debug\Linked Lists.lastbuildstate".
     1>Done Building Project "F:\code\c++\Linked Lists\Linked Lists\Linked Lists.vcxproj" (build target(s)).

Build succeeded.

Time Elapsed 00:00:05.37
