


materialPath: d:\program files\steam\steamapps\gowness\half-life 2 episode two\ep2\materials
Loading I:\code\halflife maps\parking_garage.vmf
fixing up env_cubemap materials on brush sides...
0...1...2...3...4...5...6...7...8...9...100...1...2...3...4...5...6...7...8...9...10Processing areas...done (0)
Building Faces...done (0)
FixTjuncs...
PruneNodes...
WriteBSP...
done (0)
writing I:\code\halflife maps\parking_garage.prt...Building visibility clusters...
done (0)
Creating default LDR cubemaps for env_cubemap using skybox materials:
   skybox/sky_day01_01*.vmt
 ! Run buildcubemaps in the engine to get the correct cube maps.
Creating default HDR cubemaps for env_cubemap using skybox materials:
   skybox/sky_day01_01*.vmt
 ! Run buildcubemaps in the engine to get the correct cube maps.
Finding displacement neighbors...
Finding lightmap sample positions...
Displacement Alpha : 0...1...2...3...4...5...6...7...8...9...10
Building Physics collision data...
done (0) (2282 bytes)
Placing detail props : 0...1...2...3...4...5...6...7...8...9...10
Compacting texture/material tables...
Reduced 12 texinfos to 3
Reduced 2 texdatas to 2 (49 bytes to 49)
Writing I:\code\halflife maps\parking_garage.bsp
0 seconds elapsed



4 threads
reading i:\code\halflife maps\parking_garage.bsp
reading i:\code\halflife maps\parking_garage.prt
   4 portalclusters
   4 numportals
0...1...2...3...4...5...6...7...8...9...10Optimized: 0 visible clusters (0.00%)
Total clusters visible: 16
Average clusters visible: 4
Building PAS...
Average clusters audible: 4
visdatasize:44  compressed from 64
writing i:\code\halflife maps\parking_garage.bsp
0 seconds elapsed



[Reading texlights from 'lights.rad']
[48 texlights parsed from 'lights.rad']

Loading i:\code\halflife maps\parking_garage.bsp
64 faces
60074 square feet [8650752.00 square inches]
0 Displacements
0 Square Feet [0.00 Square Inches]
64 patches before subdivision
7104 patches after subdivision
0 direct lights
0...1...2...3...4...5...6...7...8...9...100...1...2...3...4...5...6...7...8...9...10transfers 829304, max 289
transfer lists:   6.3 megs
0...1...2...3...4...5...6...7...8...9...10	Bounce #1 added RGB(0, 0, 0)
Build Patch/Sample Hash Table(s).....Done<0.0045 sec>
0...1...2...3...4...5...6...7...8...9...10FinalLightFace Done
0 of 0 (0% of) surface lights went in leaf ambient cubes.
0...1...2...3...4...5...6...7...8...9...10Writing leaf ambient...done
Ready to Finish

Object names       Objects/Maxobjs  Memory / Maxmem  Fullness 
------------       ---------------  ---------------  -------- 
models                   1/1024           48/49152    ( 0.1%) 
brushes                  6/8192           72/98304    ( 0.1%) 
brushsides              36/65536         288/524288   ( 0.1%) 
planes                  40/65536         800/1310720  ( 0.1%) 
vertexes                75/65536         900/786432   ( 0.1%) 
nodes                   27/65536         864/2097152  ( 0.0%) 
texinfos                 3/12288         216/884736   ( 0.0%) 
texdata                  2/2048           64/65536    ( 0.1%) 
dispinfos                0/0               0/0        ( 0.0%) 
disp_verts               0/0               0/0        ( 0.0%) 
disp_tris                0/0               0/0        ( 0.0%) 
disp_lmsamples           0/0               0/0        ( 0.0%) 
faces                   64/65536        3584/3670016  ( 0.1%) 
hdr faces                0/65536           0/3670016  ( 0.0%) 
origfaces                6/65536         336/3670016  ( 0.0%) 
leaves                  29/65536         928/2097152  ( 0.0%) 
leaffaces               64/65536         128/131072   ( 0.1%) 
leafbrushes             16/65536          32/131072   ( 0.0%) 
areas                    2/256            16/2048     ( 0.8%) 
surfedges              296/512000       1184/2048000  ( 0.1%) 
edges                  149/256000        596/1024000  ( 0.1%) 
LDR worldlights          0/8192            0/720896   ( 0.0%) 
HDR worldlights          0/8192            0/720896   ( 0.0%) 
leafwaterdata            0/32768           0/393216   ( 0.0%) 
waterstrips              0/32768           0/327680   ( 0.0%) 
waterverts               0/65536           0/786432   ( 0.0%) 
waterindices             0/65536           0/131072   ( 0.0%) 
cubemapsamples           0/1024            0/16384    ( 0.0%) 
overlays                 0/512             0/180224   ( 0.0%) 
LDR lightdata         [variable]      149736/0        ( 0.0%) 
HDR lightdata         [variable]           0/0        ( 0.0%) 
visdata               [variable]          44/16777216 ( 0.0%) 
entdata               [variable]         327/393216   ( 0.1%) 
LDR ambient table       29/65536         116/262144   ( 0.0%) 
HDR ambient table       29/65536         116/262144   ( 0.0%) 
LDR leaf ambient         4/65536         112/1835008  ( 0.0%) 
HDR leaf ambient        29/65536         812/1835008  ( 0.0%) 
occluders                0/0               0/0        ( 0.0%) 
occluder polygons        0/0               0/0        ( 0.0%) 
occluder vert ind        0/0               0/0        ( 0.0%) 
detail props          [variable]           1/12       ( 8.3%) 
static props          [variable]           1/12       ( 8.3%) 
pakfile               [variable]      105687/0        ( 0.0%) 
physics               [variable]        2282/4194304  ( 0.1%) 
physics terrain       [variable]           2/1048576  ( 0.0%) 

Level flags = 0

Total triangle count: 144
Writing i:\code\halflife maps\parking_garage.bsp
2 seconds elapsed



materialPath: d:\program files\steam\steamapps\gowness\half-life 2 episode two\ep2\materials
Loading I:\code\halflife maps\parking_garage.vmf
fixing up env_cubemap materials on brush sides...
0...1...2...3...4...5...6...7...8...9...10**** leaked ****
Entity info_player_start (576.00 32.00 64.00) leaked!
Processing areas...done (0)
Building Faces...done (0)
FixTjuncs...
PruneNodes...
WriteBSP...
done (0)
Creating default LDR cubemaps for env_cubemap using skybox materials:
   skybox/sky_day01_01*.vmt
 ! Run buildcubemaps in the engine to get the correct cube maps.
Creating default HDR cubemaps for env_cubemap using skybox materials:
   skybox/sky_day01_01*.vmt
 ! Run buildcubemaps in the engine to get the correct cube maps.
Finding displacement neighbors...
Finding lightmap sample positions...
Displacement Alpha : 0...1...2...3...4...5...6...7...8...9...10
Building Physics collision data...
done (0) (26178 bytes)
Placing detail props : 0...1...2...3...4...5...6...7...8...9...10
Compacting texture/material tables...
Reduced 45 texinfos to 33
Reduced 2 texdatas to 2 (49 bytes to 49)
Writing I:\code\halflife maps\parking_garage.bsp
0 seconds elapsed



4 threads
reading i:\code\halflife maps\parking_garage.bsp
reading i:\code\halflife maps\parking_garage.prt
LoadPortals: couldn't read i:\code\halflife maps\parking_garage.prt



[Reading texlights from 'lights.rad']
[48 texlights parsed from 'lights.rad']

Loading i:\code\halflife maps\parking_garage.bsp
No vis information, direct lighting only.
654 faces
296575 square feet [42706872.00 square inches]
0 Displacements
0 Square Feet [0.00 Square Inches]
0 direct lights
0...1...2...3...4...5...6...7...8...9...10Build Patch/Sample Hash Table(s).....Done<0.0188 sec>
0...1...2...3...4...5...6...7...8...9...10FinalLightFace Done
0 of 0 (0% of) surface lights went in leaf ambient cubes.
0...1...2...3...4...5...6...7...8...9...10Writing leaf ambient...done
Ready to Finish

Object names       Objects/Maxobjs  Memory / Maxmem  Fullness 
------------       ---------------  ---------------  -------- 
models                   1/1024           48/49152    ( 0.1%) 
brushes                 77/8192          924/98304    ( 0.9%) 
brushsides             492/65536        3936/524288   ( 0.8%) 
planes                 146/65536        2920/1310720  ( 0.2%) 
vertexes               724/65536        8688/786432   ( 1.1%) 
nodes                  303/65536        9696/2097152  ( 0.5%) 
texinfos                33/12288        2376/884736   ( 0.3%) 
texdata                  2/2048           64/65536    ( 0.1%) 
dispinfos                0/0               0/0        ( 0.0%) 
disp_verts               0/0               0/0        ( 0.0%) 
disp_tris                0/0               0/0        ( 0.0%) 
disp_lmsamples           0/0               0/0        ( 0.0%) 
faces                  654/65536       36624/3670016  ( 1.0%) 
hdr faces                0/65536           0/3670016  ( 0.0%) 
origfaces              269/65536       15064/3670016  ( 0.4%) 
leaves                 305/65536        9760/2097152  ( 0.5%) 
leaffaces              708/65536        1416/131072   ( 1.1%) 
leafbrushes            144/65536         288/131072   ( 0.2%) 
areas                    2/256            16/2048     ( 0.8%) 
surfedges             3944/512000      15776/2048000  ( 0.8%) 
edges                 2105/256000       8420/1024000  ( 0.8%) 
LDR worldlights          0/8192            0/720896   ( 0.0%) 
HDR worldlights          0/8192            0/720896   ( 0.0%) 
leafwaterdata            0/32768           0/393216   ( 0.0%) 
waterstrips             25/32768         250/327680   ( 0.1%) 
waterverts               0/65536           0/786432   ( 0.0%) 
waterindices           303/65536         606/131072   ( 0.5%) 
cubemapsamples           0/1024            0/16384    ( 0.0%) 
overlays                 0/512             0/180224   ( 0.0%) 
LDR lightdata         [variable]      776944/0        ( 0.0%) 
HDR lightdata         [variable]           0/0        ( 0.0%) 
visdata               [variable]           0/16777216 ( 0.0%) 
entdata               [variable]         325/393216   ( 0.1%) 
LDR ambient table      305/65536        1220/262144   ( 0.5%) 
HDR ambient table      305/65536        1220/262144   ( 0.5%) 
LDR leaf ambient       160/65536        4480/1835008  ( 0.2%) 
HDR leaf ambient       305/65536        8540/1835008  ( 0.5%) 
occluders                0/0               0/0        ( 0.0%) 
occluder polygons        0/0               0/0        ( 0.0%) 
occluder vert ind        0/0               0/0        ( 0.0%) 
detail props          [variable]           1/12       ( 8.3%) 
static props          [variable]           1/12       ( 8.3%) 
pakfile               [variable]      105687/0        ( 0.0%) 
physics               [variable]       26178/4194304  ( 0.6%) 
physics terrain       [variable]           2/1048576  ( 0.0%) 

Level flags = 0

Total triangle count: 1560
Writing i:\code\halflife maps\parking_garage.bsp
2 seconds elapsed



materialPath: d:\program files\steam\steamapps\gowness\half-life 2 episode two\ep2\materials
Loading I:\code\halflife maps\parking_garage.vmf
fixing up env_cubemap materials on brush sides...
0...1...2...3...4...5...6...7...8...9...10**** leaked ****
Entity prop_static (320.00 704.00 1024.00) leaked!
Processing areas...done (0)
Building Faces...done (0)
FixTjuncs...
PruneNodes...
WriteBSP...
done (0)
Creating default LDR cubemaps for env_cubemap using skybox materials:
   skybox/sky_day01_01*.vmt
 ! Run buildcubemaps in the engine to get the correct cube maps.
Creating default HDR cubemaps for env_cubemap using skybox materials:
   skybox/sky_day01_01*.vmt
 ! Run buildcubemaps in the engine to get the correct cube maps.
Finding displacement neighbors...
Finding lightmap sample positions...
Displacement Alpha : 0...1...2...3...4...5...6...7...8...9...10
Building Physics collision data...
done (0) (22802 bytes)
Placing detail props : 0...1...2...3...4...5...6...7...8...9...10
Compacting texture/material tables...
Reduced 40 texinfos to 28
Reduced 2 texdatas to 2 (49 bytes to 49)
Writing I:\code\halflife maps\parking_garage.bsp
0 seconds elapsed



4 threads
reading i:\code\halflife maps\parking_garage.bsp
reading i:\code\halflife maps\parking_garage.prt
LoadPortals: couldn't read i:\code\halflife maps\parking_garage.prt



[Reading texlights from 'lights.rad']
[48 texlights parsed from 'lights.rad']

Loading i:\code\halflife maps\parking_garage.bsp
No vis information, direct lighting only.
505 faces
298900 square feet [43041720.00 square inches]
0 Displacements
0 Square Feet [0.00 Square Inches]
0 direct lights
0...1...2...3...4...5...6...7...8...9...10Build Patch/Sample Hash Table(s).....Done<0.0196 sec>
0...1...2...3...4...5...6...7...8...9...10FinalLightFace Done
0 of 0 (0% of) surface lights went in leaf ambient cubes.
0...1...2...3...4...5...6...7...8...9...10Writing leaf ambient...done
Ready to Finish

Object names       Objects/Maxobjs  Memory / Maxmem  Fullness 
------------       ---------------  ---------------  -------- 
models                   1/1024           48/49152    ( 0.1%) 
brushes                 67/8192          804/98304    ( 0.8%) 
brushsides             432/65536        3456/524288   ( 0.7%) 
planes                 152/65536        3040/1310720  ( 0.2%) 
vertexes               547/65536        6564/786432   ( 0.8%) 
nodes                  276/65536        8832/2097152  ( 0.4%) 
texinfos                28/12288        2016/884736   ( 0.2%) 
texdata                  2/2048           64/65536    ( 0.1%) 
dispinfos                0/0               0/0        ( 0.0%) 
disp_verts               0/0               0/0        ( 0.0%) 
disp_tris                0/0               0/0        ( 0.0%) 
disp_lmsamples           0/0               0/0        ( 0.0%) 
faces                  505/65536       28280/3670016  ( 0.8%) 
hdr faces                0/65536           0/3670016  ( 0.0%) 
origfaces              196/65536       10976/3670016  ( 0.3%) 
leaves                 278/65536        8896/2097152  ( 0.4%) 
leaffaces              517/65536        1034/131072   ( 0.8%) 
leafbrushes            127/65536         254/131072   ( 0.2%) 
areas                    2/256            16/2048     ( 0.8%) 
surfedges             2974/512000      11896/2048000  ( 0.6%) 
edges                 1628/256000       6512/1024000  ( 0.6%) 
LDR worldlights          0/8192            0/720896   ( 0.0%) 
HDR worldlights          0/8192            0/720896   ( 0.0%) 
leafwaterdata            0/32768           0/393216   ( 0.0%) 
waterstrips             14/32768         140/327680   ( 0.0%) 
waterverts               0/65536           0/786432   ( 0.0%) 
waterindices           171/65536         342/131072   ( 0.3%) 
cubemapsamples           0/1024            0/16384    ( 0.0%) 
overlays                 0/512             0/180224   ( 0.0%) 
LDR lightdata         [variable]      766244/0        ( 0.0%) 
HDR lightdata         [variable]           0/0        ( 0.0%) 
visdata               [variable]           0/16777216 ( 0.0%) 
entdata               [variable]         326/393216   ( 0.1%) 
LDR ambient table      278/65536        1112/262144   ( 0.4%) 
HDR ambient table      278/65536        1112/262144   ( 0.4%) 
LDR leaf ambient       150/65536        4200/1835008  ( 0.2%) 
HDR leaf ambient       278/65536        7784/1835008  ( 0.4%) 
occluders                0/0               0/0        ( 0.0%) 
occluder polygons        0/0               0/0        ( 0.0%) 
occluder vert ind        0/0               0/0        ( 0.0%) 
detail props          [variable]           1/12       ( 8.3%) 
static props          [variable]           1/412      ( 0.2%) 
pakfile               [variable]      105687/0        ( 0.0%) 
physics               [variable]       22802/4194304  ( 0.5%) 
physics terrain       [variable]           2/1048576  ( 0.0%) 

Level flags = 0

Total triangle count: 1180
Writing i:\code\halflife maps\parking_garage.bsp
2 seconds elapsed



materialPath: d:\program files\steam\steamapps\gowness\half-life 2 episode two\ep2\materials
Loading I:\code\halflife maps\parking_garage.vmf
fixing up env_cubemap materials on brush sides...
0...1...2...3...4...5...6...7...8...9...10**** leaked ****
Entity prop_static (320.00 704.00 1024.00) leaked!
Processing areas...done (0)
Building Faces...done (0)
FixTjuncs...
PruneNodes...
WriteBSP...
done (0)
Creating default LDR cubemaps for env_cubemap using skybox materials:
   skybox/sky_day01_01*.vmt
 ! Run buildcubemaps in the engine to get the correct cube maps.
Creating default HDR cubemaps for env_cubemap using skybox materials:
   skybox/sky_day01_01*.vmt
 ! Run buildcubemaps in the engine to get the correct cube maps.
Finding displacement neighbors...
Finding lightmap sample positions...
Displacement Alpha : 0...1...2...3...4...5...6...7...8...9...10
Building Physics collision data...
done (0) (22802 bytes)
Placing detail props : 0...1...2...3...4...5...6...7...8...9...10
Compacting texture/material tables...
Reduced 40 texinfos to 28
Reduced 2 texdatas to 2 (49 bytes to 49)
Writing I:\code\halflife maps\parking_garage.bsp
0 seconds elapsed



4 threads
reading i:\code\halflife maps\parking_garage.bsp
reading i:\code\halflife maps\parking_garage.prt
LoadPortals: couldn't read i:\code\halflife maps\parking_garage.prt



[Reading texlights from 'lights.rad']
[48 texlights parsed from 'lights.rad']

Loading i:\code\halflife maps\parking_garage.bsp
No vis information, direct lighting only.
505 faces
298900 square feet [43041720.00 square inches]
0 Displacements
0 Square Feet [0.00 Square Inches]
0 direct lights
0...1...2...3...4...5...6...7...8...9...10Build Patch/Sample Hash Table(s).....Done<0.0189 sec>
0...1...2...3...4...5...6...7...8...9...10FinalLightFace Done
0 of 0 (0% of) surface lights went in leaf ambient cubes.
0...1...2...3...4...5...6...7...8...9...10Writing leaf ambient...done
Ready to Finish

Object names       Objects/Maxobjs  Memory / Maxmem  Fullness 
------------       ---------------  ---------------  -------- 
models                   1/1024           48/49152    ( 0.1%) 
brushes                 67/8192          804/98304    ( 0.8%) 
brushsides             432/65536        3456/524288   ( 0.7%) 
planes                 152/65536        3040/1310720  ( 0.2%) 
vertexes               547/65536        6564/786432   ( 0.8%) 
nodes                  276/65536        8832/2097152  ( 0.4%) 
texinfos                28/12288        2016/884736   ( 0.2%) 
texdata                  2/2048           64/65536    ( 0.1%) 
dispinfos                0/0               0/0        ( 0.0%) 
disp_verts               0/0               0/0        ( 0.0%) 
disp_tris                0/0               0/0        ( 0.0%) 
disp_lmsamples           0/0               0/0        ( 0.0%) 
faces                  505/65536       28280/3670016  ( 0.8%) 
hdr faces                0/65536           0/3670016  ( 0.0%) 
origfaces              196/65536       10976/3670016  ( 0.3%) 
leaves                 278/65536        8896/2097152  ( 0.4%) 
leaffaces              517/65536        1034/131072   ( 0.8%) 
leafbrushes            127/65536         254/131072   ( 0.2%) 
areas                    2/256            16/2048     ( 0.8%) 
surfedges             2974/512000      11896/2048000  ( 0.6%) 
edges                 1628/256000       6512/1024000  ( 0.6%) 
LDR worldlights          0/8192            0/720896   ( 0.0%) 
HDR worldlights          0/8192            0/720896   ( 0.0%) 
leafwaterdata            0/32768           0/393216   ( 0.0%) 
waterstrips             14/32768         140/327680   ( 0.0%) 
waterverts               0/65536           0/786432   ( 0.0%) 
waterindices           171/65536         342/131072   ( 0.3%) 
cubemapsamples           0/1024            0/16384    ( 0.0%) 
overlays                 0/512             0/180224   ( 0.0%) 
LDR lightdata         [variable]      766244/0        ( 0.0%) 
HDR lightdata         [variable]           0/0        ( 0.0%) 
visdata               [variable]           0/16777216 ( 0.0%) 
entdata               [variable]         501/393216   ( 0.1%) 
LDR ambient table      278/65536        1112/262144   ( 0.4%) 
HDR ambient table      278/65536        1112/262144   ( 0.4%) 
LDR leaf ambient       150/65536        4200/1835008  ( 0.2%) 
HDR leaf ambient       278/65536        7784/1835008  ( 0.4%) 
occluders                0/0               0/0        ( 0.0%) 
occluder polygons        0/0               0/0        ( 0.0%) 
occluder vert ind        0/0               0/0        ( 0.0%) 
detail props          [variable]           1/12       ( 8.3%) 
static props          [variable]           1/412      ( 0.2%) 
pakfile               [variable]      105687/0        ( 0.0%) 
physics               [variable]       22802/4194304  ( 0.5%) 
physics terrain       [variable]           2/1048576  ( 0.0%) 

Level flags = 0

Total triangle count: 1180
Writing i:\code\halflife maps\parking_garage.bsp
2 seconds elapsed
