Build started 2/22/2011 11:40:05 PM.
     1>Project "D:\Storage\code\c++\Stacks and Queues\Stacks and Queues\Stacks and Queues.vcxproj" on node 2 (build target(s)).
     1>InitializeBuildStatus:
         Creating "Debug\Stacks and Queues.unsuccessfulbuild" because "AlwaysCreate" was specified.
       ClCompile:
         C:\Program Files (x86)\Microsoft Visual Studio 10.0\VC\bin\CL.exe /c /ZI /nologo /W3 /WX- /Od /Oy- /D _MBCS /Gm /EHsc /RTC1 /MDd /GS /fp:precise /Zc:wchar_t /Zc:forScope /Fo"Debug\\" /Fd"Debug\vc100.pdb" /Gd /TP /analyze- /errorReport:prompt main.cpp
         main.cpp
     1>d:\storage\code\c++\stacks and queues\stacks and queues\main.cpp(88): warning C4018: '<' : signed/unsigned mismatch
     1>d:\storage\code\c++\stacks and queues\stacks and queues\main.cpp(98): warning C4244: '+=' : conversion from 'double' to 'int', possible loss of data
     1>d:\storage\code\c++\stacks and queues\stacks and queues\main.cpp(118): warning C4244: 'return' : conversion from 'double' to 'float', possible loss of data
     1>d:\storage\code\c++\stacks and queues\stacks and queues\main.cpp(164): warning C4996: 'gets': This function or variable may be unsafe. Consider using gets_s instead. To disable deprecation, use _CRT_SECURE_NO_WARNINGS. See online help for details.
                 c:\program files (x86)\microsoft visual studio 10.0\vc\include\stdio.h(277) : see declaration of 'gets'
       Link:
         C:\Program Files (x86)\Microsoft Visual Studio 10.0\VC\bin\link.exe /ERRORREPORT:PROMPT /OUT:"D:\Storage\code\c++\Stacks and Queues\Debug\Stacks and Queues.exe" /NOLOGO kernel32.lib user32.lib gdi32.lib winspool.lib comdlg32.lib advapi32.lib shell32.lib ole32.lib oleaut32.lib uuid.lib odbc32.lib odbccp32.lib /MANIFEST /ManifestFile:"Debug\Stacks and Queues.exe.intermediate.manifest" /MANIFESTUAC:"level='asInvoker' uiAccess='false'" /DEBUG /PDB:"D:\Storage\code\c++\Stacks and Queues\Debug\Stacks and Queues.pdb" /TLBID:1 /DYNAMICBASE /NXCOMPAT /IMPLIB:"D:\Storage\code\c++\Stacks and Queues\Debug\Stacks and Queues.lib" /MACHINE:X86 Debug\main.obj
         LINK : D:\Storage\code\c++\Stacks and Queues\Debug\Stacks and Queues.exe not found or not built by the last incremental link; performing full link
         Stacks and Queues.vcxproj -> D:\Storage\code\c++\Stacks and Queues\Debug\Stacks and Queues.exe
       Manifest:
         C:\Program Files (x86)\Microsoft SDKs\Windows\v7.0A\bin\mt.exe /nologo /verbose /outputresource:"D:\Storage\code\c++\Stacks and Queues\Debug\Stacks and Queues.exe;#1" /manifest "Debug\Stacks and Queues.exe.intermediate.manifest"
       FinalizeBuildStatus:
         Deleting file "Debug\Stacks and Queues.unsuccessfulbuild".
         Touching "Debug\Stacks and Queues.lastbuildstate".
     1>Done Building Project "D:\Storage\code\c++\Stacks and Queues\Stacks and Queues\Stacks and Queues.vcxproj" (build target(s)).

Build succeeded.

Time Elapsed 00:00:01.13
